<?xml version="1.0" encoding="UTF-8"?>
<testsuites name="web-service-tests - All Test Cases" time="4.978" tests="3" failures="0" errors="0">
   <testsuite name="web-service-tests - All Test Cases" tests="3" failures="0" errors="0" time="4.978" skipped="0" timestamp="2023-09-11 00:09:53" hostname="margaretta - localhost" id="Test Suites/web-service-tests - All Test Cases">
      <properties>
         <property name="deviceName" value=""/>
         <property name="devicePlatform" value=""/>
         <property name="logFolder" value="/Users/margaretta/Documents/technical test/API Testing Katalon/Reports/20230911_000942/web-service-tests - All Test Cases/20230911_000942"/>
         <property name="logFiles" value="/Users/margaretta/Documents/technical test/API Testing Katalon/Reports/20230911_000942/web-service-tests - All Test Cases/20230911_000942/execution0.log"/>
         <property name="attachments" value=""/>
         <property name="hostName" value="margaretta - localhost"/>
         <property name="hostAddress" value="127.0.0.1"/>
         <property name="os" value="Mac OS X 64bit"/>
         <property name="katalonVersion" value="8.6.8.208"/>
      </properties>
      <testcase name="Test Cases/User/I can update existing user" time="2.955" classname="Test Cases/User/I can update existing user" status="PASSED">
         <system-out><![CDATA[2023-09-11 00:09:53 - [TEST_CASE][PASSED] - Test Cases/User/I can update existing user: Test Cases/User/I can update existing user

2023-09-11 00:09:53 - [TEST_STEP][PASSED] - responseUpdate = sendRequest(findTestObject("User/Update User", ["variable":""])): Send request successfully

2023-09-11 00:09:56 - [MESSAGE][INFO] - HAR: /Users/margaretta/Documents/technical test/API Testing Katalon/Reports/20230911_000942/web-service-tests - All Test Cases/20230911_000942/requests/main/0.har

2023-09-11 00:09:56 - [MESSAGE][PASSED] - Send request successfully

2023-09-11 00:09:56 - [TEST_STEP][PASSED] - verifyResponseStatusCode(responseUpdate, 200): Verify response status code successfully

2023-09-11 00:09:56 - [MESSAGE][PASSED] - Verify response status code successfully

2023-09-11 00:09:56 - [TEST_STEP][PASSED] - slurper = new groovy.json.JsonSlurper(): null

2023-09-11 00:09:56 - [TEST_STEP][PASSED] - parsedJson = slurper.parseText(responseUpdate.getResponseText()): null

2023-09-11 00:09:56 - [TEST_STEP][PASSED] - assert parsedJson["updatedAt"] instanceof java.lang.String: null]]></system-out>
         <system-err><![CDATA[]]></system-err>
      </testcase>
      <testcase name="Test Cases/User/I can see user detail by id" time="0.661" classname="Test Cases/User/I can see user detail by id" status="PASSED">
         <system-out><![CDATA[2023-09-11 00:09:56 - [TEST_CASE][PASSED] - Test Cases/User/I can see user detail by id: Test Cases/User/I can see user detail by id

2023-09-11 00:09:56 - [TEST_STEP][PASSED] - response = sendRequest(findTestObject("User/Get User Detail")): Send request successfully

2023-09-11 00:09:57 - [MESSAGE][INFO] - HAR: /Users/margaretta/Documents/technical test/API Testing Katalon/Reports/20230911_000942/web-service-tests - All Test Cases/20230911_000942/requests/main/1.har

2023-09-11 00:09:57 - [MESSAGE][PASSED] - Send request successfully

2023-09-11 00:09:57 - [TEST_STEP][PASSED] - verifyResponseStatusCode(response, 200): Verify response status code successfully

2023-09-11 00:09:57 - [MESSAGE][PASSED] - Verify response status code successfully

2023-09-11 00:09:57 - [TEST_STEP][PASSED] - verifyElementPropertyValue(response, "data.id", 2): Verify element property value successfully

2023-09-11 00:09:57 - [MESSAGE][PASSED] - Verify element property value successfully

2023-09-11 00:09:57 - [TEST_STEP][PASSED] - verifyElementPropertyValue(response, "data.email", "janet.weaver@reqres.in"): Verify element property value successfully

2023-09-11 00:09:57 - [MESSAGE][PASSED] - Verify element property value successfully

2023-09-11 00:09:57 - [TEST_STEP][PASSED] - verifyElementPropertyValue(response, "data.first_name", "Janet"): Verify element property value successfully

2023-09-11 00:09:57 - [MESSAGE][PASSED] - Verify element property value successfully

2023-09-11 00:09:57 - [TEST_STEP][PASSED] - verifyElementPropertyValue(response, "data.last_name", "Weaver"): Verify element property value successfully

2023-09-11 00:09:57 - [MESSAGE][PASSED] - Verify element property value successfully

2023-09-11 00:09:57 - [TEST_STEP][PASSED] - verifyElementPropertyValue(response, "data.avatar", "https://reqres.in/img/faces/2-image.jpg"): Verify element property value successfully

2023-09-11 00:09:57 - [MESSAGE][PASSED] - Verify element property value successfully]]></system-out>
         <system-err><![CDATA[]]></system-err>
      </testcase>
      <testcase name="Test Cases/User/I can create new user" time="0.879" classname="Test Cases/User/I can create new user" status="PASSED">
         <system-out><![CDATA[2023-09-11 00:09:57 - [TEST_CASE][PASSED] - Test Cases/User/I can create new user: Test Cases/User/I can create new user

2023-09-11 00:09:57 - [TEST_STEP][PASSED] - responseCreate = sendRequest(findTestObject("User/Create User")): Send request successfully

2023-09-11 00:09:58 - [MESSAGE][INFO] - HAR: /Users/margaretta/Documents/technical test/API Testing Katalon/Reports/20230911_000942/web-service-tests - All Test Cases/20230911_000942/requests/main/2.har

2023-09-11 00:09:58 - [MESSAGE][PASSED] - Send request successfully

2023-09-11 00:09:58 - [TEST_STEP][PASSED] - verifyResponseStatusCode(responseCreate, 201): Verify response status code successfully

2023-09-11 00:09:58 - [MESSAGE][PASSED] - Verify response status code successfully

2023-09-11 00:09:58 - [TEST_STEP][PASSED] - slurper = new groovy.json.JsonSlurper(): null

2023-09-11 00:09:58 - [TEST_STEP][PASSED] - parsedJson = slurper.parseText(responseCreate.getResponseText()): null

2023-09-11 00:09:58 - [TEST_STEP][PASSED] - assert parsedJson["id"] instanceof java.lang.String: null

2023-09-11 00:09:58 - [TEST_STEP][PASSED] - assert parsedJson["createdAt"] instanceof java.lang.String: null]]></system-out>
         <system-err><![CDATA[]]></system-err>
      </testcase>
      <system-out><![CDATA[2023-09-11 00:09:53 - [TEST_SUITE][PASSED] - web-service-tests - All Test Cases: Test Cases/User/I can create new user]]></system-out>
      <system-err><![CDATA[]]></system-err>
   </testsuite>
</testsuites>
